[debug] [2024-02-27T01:58:56.023Z] ----------------------------------------------------------------------
[debug] [2024-02-27T01:58:56.029Z] Command:       /opt/homebrew/Cellar/node/20.8.1/bin/node /opt/homebrew/bin/firebase projects:create q --json
[debug] [2024-02-27T01:58:56.029Z] CLI Version:   13.3.1
[debug] [2024-02-27T01:58:56.029Z] Platform:      darwin
[debug] [2024-02-27T01:58:56.029Z] Node Version:  v20.8.1
[debug] [2024-02-27T01:58:56.029Z] Time:          Mon Feb 26 2024 17:58:56 GMT-0800 (Pacific Standard Time)
[debug] [2024-02-27T01:58:56.029Z] ----------------------------------------------------------------------
[debug] 
[debug] [2024-02-27T01:58:56.032Z] > command requires scopes: ["email","openid","https://www.googleapis.com/auth/cloudplatformprojects.readonly","https://www.googleapis.com/auth/firebase","https://www.googleapis.com/auth/cloud-platform"]
[debug] [2024-02-27T01:58:56.032Z] > authorizing via signed-in user (vhsieh02@stanford.edu)
[debug] [2024-02-27T01:58:56.035Z] >>> [apiv2][query] POST https://cloudresourcemanager.googleapis.com/v1/projects [none]
[debug] [2024-02-27T01:58:56.035Z] >>> [apiv2][body] POST https://cloudresourcemanager.googleapis.com/v1/projects {"projectId":"q","name":"q"}
[debug] [2024-02-27T01:58:56.309Z] <<< [apiv2][status] POST https://cloudresourcemanager.googleapis.com/v1/projects 400
[debug] [2024-02-27T01:58:56.309Z] <<< [apiv2][body] POST https://cloudresourcemanager.googleapis.com/v1/projects {"error":{"code":400,"message":"Request contains an invalid argument.","status":"INVALID_ARGUMENT","details":[{"@type":"type.googleapis.com/google.rpc.BadRequest","fieldViolations":[{"field":"project_id","description":"project_id must be at least 6 characters long"},{"field":"project_id","description":"project_id contains invalid characters"},{"field":"display_name","description":"project display name must be at least 4 characters"}]},{"@type":"type.googleapis.com/google.rpc.Help","links":[{"url":"https://cloud.google.com/resource-manager/reference/rest/v1/projects"}]}]}}
[debug] [2024-02-27T01:58:56.605Z] FirebaseError: HTTP Error: 400, Request contains an invalid argument.
    at responseToError (/opt/homebrew/lib/node_modules/firebase-tools/lib/responseToError.js:49:12)
    at RetryOperation._fn (/opt/homebrew/lib/node_modules/firebase-tools/lib/apiv2.js:292:77)
    at process.processTicksAndRejections (node:internal/process/task_queues:95:5)
[error] 
[error] Error: Failed to create project. See firebase-debug.log for more info.
